1622715058631	geckodriver	INFO	Listening on 127.0.0.1:57888
1622715061692	mozrunner::runner	INFO	Running command: "C:\\Program Files (x86)\\Mozilla Firefox\\firefox.exe" "--marionette" "-foreground" "-no-remote" "-profile" "C:\\Users\\kalmazan\\AppData\\Local\\Temp\\rust_mozprofile8a7Krd"
1622715062343	Marionette	INFO	Marionette enabled
console.warn: SearchSettings: "get: No settings file exists, new profile?" (new Error("", "(unknown module)"))
1622715065297	Marionette	INFO	Listening on port 57899
1622715065533	Marionette	WARN	TLS certificate errors will be ignored for this session
[Parent 16416, IPC I/O Parent] WARNING: file /builds/worker/checkouts/gecko/ipc/chromium/src/base/process_util_win.cc:167
1622717471484	Marionette	INFO	Stopped listening on port 57899

###!!! [Child][RunMessage] Error: Channel closing: too late to send/recv, messages will be lost

6"
1622716942533	Marionette	INFO	Marionette enabled
console.warn: SearchSettings: "get: No settings file exists, new profile?" (new Error("", "(unknown module)"))
1622716945205	Marionette	INFO	Listening on port 59086
1622716945721	Marionette	WARN	TLS certificate errors will be ignored for this session
[Parent 11832, IPC I/O Parent] WARNING: file /builds/worker/checkouts/gecko/ipc/chromium/src/base/process_util_win.cc:167
1622717472849	Marionette	INFO	Stopped listening on port 59086

###!!! [Child][RunMessage] Error: Channel closing: too late to send/recv, messages will be lost

j"
1622717372146	Marionette	INFO	Marionette enabled
console.warn: SearchSettings: "get: No settings file exists, new profile?" (new Error("", "(unknown module)"))
1622717375655	Marionette	INFO	Listening on port 59843
1622717376107	Marionette	WARN	TLS certificate errors will be ignored for this session
[Parent 17376, IPC I/O Parent] WARNING: file /builds/worker/checkouts/gecko/ipc/chromium/src/base/process_util_win.cc:167
1622717468083	Marionette	INFO	Stopped listening on port 59843

###!!! [Child][RunMessage] Error: Channel closing: too late to send/recv, messages will be lost

Q"
1622717464232	Marionette	INFO	Marionette enabled
console.warn: SearchSettings: "get: No settings file exists, new profile?" (new Error("", "(unknown module)"))
1622717467987	Marionette	INFO	Listening on port 60098
1622717468048	Marionette	WARN	TLS certificate errors will be ignored for this session
console.error: Region.jsm: "Error fetching region" (new Error("TIMEOUT", "resource://gre/modules/Region.jsm", 772))
console.error: Region.jsm: "Failed to fetch region" (new Error("TIMEOUT", "resource://gre/modules/Region.jsm", 419))

###!!! [Child][RunMessage] Error: Channel closing: too late to send/recv, messages will be lost

1622720237136	Marionette	INFO	Stopped listening on port 60098

###!!! [Child][RunMessage] Error: Channel closing: too late to send/recv, messages will be lost

\\rust_mozprofilehZN0vt"
1622720236054	Marionette	INFO	Marionette enabled
console.warn: SearchSettings: "get: No settings file exists, new profile?" (new Error("", "(unknown module)"))
1622720239007	Marionette	INFO	Listening on port 63935
1622720239182	Marionette	WARN	TLS certificate errors will be ignored for this session
[Parent 19472, IPC I/O Parent] WARNING: file /builds/worker/checkouts/gecko/ipc/chromium/src/base/process_util_win.cc:167
1622720299823	Marionette	INFO	Stopped listening on port 63935

###!!! [Child][RunMessage] Error: Channel closing: too late to send/recv, messages will be lost

c"
1622720281065	Marionette	INFO	Marionette enabled
console.warn: SearchSettings: "get: No settings file exists, new profile?" (new Error("", "(unknown module)"))
1622720283884	Marionette	INFO	Listening on port 64126
1622720284161	Marionette	WARN	TLS certificate errors will be ignored for this session
[Parent 9796, IPC I/O Parent] WARNING: file /builds/worker/checkouts/gecko/ipc/chromium/src/base/process_util_win.cc:167
JavaScript error: resource://gre/modules/CrashManager.jsm, line 833: NotAllowedError: Shutting down and refusing additional I/O tasks
1622720338782	Marionette	INFO	Stopped listening on port 64126
Marionette enabled
console.warn: SearchSettings: "get: No settings file exists, new profile?" (new Error("", "(unknown module)"))
1622720338496	Marionette	INFO	Listening on port 64326
1622720338618	Marionette	WARN	TLS certificate errors will be ignored for this session
[GFX1-]: Receive IPC close with reason=AbnormalShutdown[
GFX1-]: Receive IPC close with reason=AbnormalShutdown
Exiting due to channel error.
1622782668553	geckodriver	INFO	Listening on 127.0.0.1:62570
1622782671692	mozrunner::runner	INFO	Running command: "C:\\Program Files (x86)\\Mozilla Firefox\\firefox.exe" "--marionette" "-foreground" "-no-remote" "-profile" "C:\\Users\\kalmazan\\AppData\\Local\\Temp\\rust_mozprofile3tYdc1"
1622782672367	Marionette	INFO	Marionette enabled
console.warn: SearchSettings: "get: No settings file exists, new profile?" (new Error("", "(unknown module)"))
1622782676134	Marionette	INFO	Listening on port 62579
1622782676636	Marionette	WARN	TLS certificate errors will be ignored for this session
1622782717484	Marionette	INFO	Stopped listening on port 62579

###!!! [Child][RunMessage] Error: Channel closing: too late to send/recv, messages will be lost

1622782719661	geckodriver	INFO	Listening on 127.0.0.1:62719
1622782722747	mozrunner::runner	INFO	Running command: "C:\\Program Files (x86)\\Mozilla Firefox\\firefox.exe" "--marionette" "-foreground" "-no-remote" "-profile" "C:\\Users\\kalmazan\\AppData\\Local\\Temp\\rust_mozprofileWjS1L8"
1622782723526	Marionette	INFO	Marionette enabled
console.warn: SearchSettings: "get: No settings file exists, new profile?" (new Error("", "(unknown module)"))
1622782728763	Marionette	INFO	Listening on port 62727
1622782728819	Marionette	WARN	TLS certificate errors will be ignored for this session
1622782754042	Marionette	INFO	Stopped listening on port 62727

###!!! [Child][RunMessage] Error: Channel closing: too late to send/recv, messages will be lost

1622782764756	geckodriver	INFO	Listening on 127.0.0.1:62853
1622782767833	mozrunner::runner	INFO	Running command: "C:\\Program Files (x86)\\Mozilla Firefox\\firefox.exe" "--marionette" "-foreground" "-no-remote" "-profile" "C:\\Users\\kalmazan\\AppData\\Local\\Temp\\rust_mozprofileHxzPzC"
1622782768738	Marionette	INFO	Marionette enabled
console.warn: SearchSettings: "get: No settings file exists, new profile?" (new Error("", "(unknown module)"))
1622782771854	Marionette	INFO	Listening on port 62861
1622782772192	Marionette	WARN	TLS certificate errors will be ignored for this session
1622782796960	Marionette	INFO	Stopped listening on port 62861

###!!! [Child][RunMessage] Error: Channel closing: too late to send/recv, messages will be lost

1622782869796	geckodriver	INFO	Listening on 127.0.0.1:62995
1622782872901	mozrunner::runner	INFO	Running command: "C:\\Program Files (x86)\\Mozilla Firefox\\firefox.exe" "--marionette" "-foreground" "-no-remote" "-profile" "C:\\Users\\kalmazan\\AppData\\Local\\Temp\\rust_mozprofileME8p8O"
1622782873934	Marionette	INFO	Marionette enabled
console.warn: SearchSettings: "get: No settings file exists, new profile?" (new Error("", "(unknown module)"))
1622782876878	Marionette	INFO	Listening on port 63003
1622782877286	Marionette	WARN	TLS certificate errors will be ignored for this session
JavaScript error: resource://gre/actors/AutoCompleteChild.jsm, line 125: Error: Invalid autocomplete selectedIndex
JavaScript error: resource://gre/actors/AutoCompleteChild.jsm, line 125: Error: Invalid autocomplete selectedIndex
JavaScript error: resource://gre/actors/AutoCompleteChild.jsm, line 125: Error: Invalid autocomplete selectedIndex
JavaScript error: resource://gre/actors/AutoCompleteChild.jsm, line 125: Error: Invalid autocomplete selectedIndex
JavaScript error: resource://gre/actors/AutoCompleteChild.jsm, line 125: Error: Invalid autocomplete selectedIndex
JavaScript error: resource://gre/actors/AutoCompleteChild.jsm, line 125: Error: Invalid autocomplete selectedIndex
JavaScript error: resource://gre/actors/AutoCompleteChild.jsm, line 125: Error: Invalid autocomplete selectedIndex
JavaScript error: resource://gre/actors/AutoCompleteChild.jsm, line 125: Error: Invalid autocomplete selectedIndex
JavaScript error: resource://gre/actors/AutoCompleteChild.jsm, line 125: Error: Invalid autocomplete selectedIndex
JavaScript error: resource://gre/actors/AutoCompleteChild.jsm, line 125: Error: Invalid autocomplete selectedIndex
JavaScript error: resource://gre/actors/AutoCompleteChild.jsm, line 125: Error: Invalid autocomplete selectedIndex
1622783147680	Marionette	INFO	Stopped listening on port 63003

###!!! [Child][RunMessage] Error: Channel closing: too late to send/recv, messages will be lost

.exe" "--marionette" "-foreground" "-no-remote" "-profile" "C:\\Users\\kalmazan\\AppData\\Local\\Temp\\rust_mozprofileIiIvoB"
1622783147122	Marionette	INFO	Marionette enabled
console.warn: SearchSettings: "get: No settings file exists, new profile?" (new Error("", "(unknown module)"))
1622783150422	Marionette	INFO	Listening on port 63236
1622783150954	Marionette	WARN	TLS certificate errors will be ignored for this session
1622783214720	Marionette	INFO	Stopped listening on port 63236
1622783216604	geckodriver	INFO	Listening on 127.0.0.1:63388
1622783219682	mozrunner::runner	INFO	Running command: "C:\\Program Files (x86)\\Mozilla Firefox\\firefox.exe" "--marionette" "-foreground" "-no-remote" "-profile" "C:\\Users\\kalmazan\\AppData\\Local\\Temp\\rust_mozprofilebgQvk2"
1622783220946	Marionette	INFO	Marionette enabled
console.warn: SearchSettings: "get: No settings file exists, new profile?" (new Error("", "(unknown module)"))
1622783223847	Marionette	INFO	Listening on port 63396
1622783224069	Marionette	WARN	TLS certificate errors will be ignored for this session
1622783540940	Marionette	INFO	Stopped listening on port 63396
2783534194	mozrunner::runner	INFO	Running command: "C:\\Program Files (x86)\\Mozilla Firefox\\firefox.exe" "--marionette" "-foreground" "-no-remote" "-profile" "C:\\Users\\kalmazan\\AppData\\Local\\Temp\\rust_mozprofile7cC8jy"
1622783535771	Marionette	INFO	Marionette enabled
console.warn: SearchSettings: "get: No settings file exists, new profile?" (new Error("", "(unknown module)"))
1622783540372	Marionette	INFO	Listening on port 63607
1622783540820	Marionette	WARN	TLS certificate errors will be ignored for this session
JavaScript error: resource://gre/actors/AutoCompleteChild.jsm, line 125: Error: Invalid autocomplete selectedIndex
JavaScript error: resource://gre/actors/AutoCompleteChild.jsm, line 125: Error: Invalid autocomplete selectedIndex
JavaScript error: resource://gre/actors/AutoCompleteChild.jsm, line 125: Error: Invalid autocomplete selectedIndex
JavaScript error: resource://gre/actors/AutoCompleteChild.jsm, line 125: Error: Invalid autocomplete selectedIndex
JavaScript error: resource://gre/actors/AutoCompleteChild.jsm, line 125: Error: Invalid autocomplete selectedIndex
JavaScript error: resource://gre/actors/AutoCompleteChild.jsm, line 125: Error: Invalid autocomplete selectedIndex
JavaScript error: resource://gre/actors/AutoCompleteChild.jsm, line 125: Error: Invalid autocomplete selectedIndex
1622784298570	Marionette	INFO	Stopped listening on port 63607

###!!! [Child][RunMessage] Error: Channel closing: too late to send/recv, messages will be lost

1622784302243	geckodriver	INFO	Listening on 127.0.0.1:63927
1622784305671	mozrunner::runner	INFO	Running command: "C:\\Program Files (x86)\\Mozilla Firefox\\firefox.exe" "--marionette" "-foreground" "-no-remote" "-profile" "C:\\Users\\kalmazan\\AppData\\Local\\Temp\\rust_mozprofileQSJ4fN"
1622784333630	geckodriver	INFO	Listening on 127.0.0.1:63986
1622784336720	mozrunner::runner	INFO	Running command: "C:\\Program Files (x86)\\Mozilla Firefox\\firefox.exe" "--marionette" "-foreground" "-no-remote" "-profile" "C:\\Users\\kalmazan\\AppData\\Local\\Temp\\rust_mozprofilenJKu6h"
1622784338523	Marionette	INFO	Marionette enabled
console.warn: SearchSettings: "get: No settings file exists, new profile?" (new NotFoundError("Could not open the file at C:\\Users\\kalmazan\\AppData\\Local\\Temp\\rust_mozprofilenJKu6h\\search.json.mozlz4", (void 0)))
1622784341868	Marionette	INFO	Listening on port 63994
1622784342220	Marionette	WARN	TLS certificate errors will be ignored for this session
1622784403301	Marionette	INFO	Stopped listening on port 63994

###!!! [Child][RunMessage] Error: Channel closing: too late to send/recv, messages will be lost

.exe" "--marionette" "-foreground" "-no-remote" "-profile" "C:\\Users\\kalmazan\\AppData\\Local\\Temp\\rust_mozprofilefUBl0M"
1622784403561	Marionette	INFO	Marionette enabled
console.warn: SearchSettings: "get: No settings file exists, new profile?" (new NotFoundError("Could not open the file at C:\\Users\\kalmazan\\AppData\\Local\\Temp\\rust_mozprofilefUBl0M\\search.json.mozlz4", (void 0)))
1622784407813	Marionette	INFO	Listening on port 64153
1622784407913	Marionette	WARN	TLS certificate errors will be ignored for this session
1622784508366	Marionette	INFO	Stopped listening on port 64153

###!!! [Child][RunMessage] Error: Channel closing: too late to send/recv, messages will be lost

.exe" "--marionette" "-foreground" "-no-remote" "-profile" "C:\\Users\\kalmazan\\AppData\\Local\\Temp\\rust_mozprofile2zwK1u"
1622784508868	Marionette	INFO	Marionette enabled
console.warn: SearchSettings: "get: No settings file exists, new profile?" (new NotFoundError("Could not open the file at C:\\Users\\kalmazan\\AppData\\Local\\Temp\\rust_mozprofile2zwK1u\\search.json.mozlz4", (void 0)))
1622784512703	Marionette	INFO	Listening on port 64297
1622784513173	Marionette	WARN	TLS certificate errors will be ignored for this session
JavaScript error: resource://devtools/server/actors/network-monitor/network-event-actor.js, line 108: Error: Got a request http://fonts.googleapis.com/css?family=Open+Sans:300,600&subset=latin,latin-ext without a browsingContextID set
1622784946691	Marionette	INFO	Stopped listening on port 64297

###!!! [Child][RunMessage] Error: Channel closing: too late to send/recv, messages will be lost

.exe" "--marionette" "-foreground" "-no-remote" "-profile" "C:\\Users\\kalmazan\\AppData\\Local\\Temp\\rust_mozprofileIG4D4c"
1622784943399	Marionette	INFO	Marionette enabled
console.warn: SearchSettings: "get: No settings file exists, new profile?" (new NotFoundError("Could not open the file at C:\\Users\\kalmazan\\AppData\\Local\\Temp\\rust_mozprofileIG4D4c\\search.json.mozlz4", (void 0)))
1622784947654	Marionette	INFO	Listening on port 64562
1622784947994	Marionette	WARN	TLS certificate errors will be ignored for this session
JavaScript error: resource://devtools/server/actors/network-monitor/network-event-actor.js, line 108: Error: Got a request http://fonts.googleapis.com/css?family=Open+Sans:300,600&subset=latin,latin-ext without a browsingContextID set
JavaScript error: resource://gre/actors/AutoCompleteChild.jsm, line 125: Error: Invalid autocomplete selectedIndex
JavaScript error: resource://gre/actors/AutoCompleteChild.jsm, line 125: Error: Invalid autocomplete selectedIndex
JavaScript error: resource://gre/actors/AutoCompleteChild.jsm, line 125: Error: Invalid autocomplete selectedIndex
JavaScript error: resource://gre/actors/AutoCompleteChild.jsm, line 125: Error: Invalid autocomplete selectedIndex
JavaScript error: resource://gre/actors/AutoCompleteChild.jsm, line 125: Error: Invalid autocomplete selectedIndex
JavaScript error: resource://gre/actors/AutoCompleteChild.jsm, line 125: Error: Invalid autocomplete selectedIndex
JavaScript error: resource://gre/actors/AutoCompleteChild.jsm, line 125: Error: Invalid autocomplete selectedIndex
JavaScript error: resource://gre/actors/AutoCompleteChild.jsm, line 125: Error: Invalid autocomplete selectedIndex
JavaScript error: resource://gre/actors/AutoCompleteChild.jsm, line 125: Error: Invalid autocomplete selectedIndex
1622785044743	Marionette	INFO	Stopped listening on port 64562
2785043810	mozrunner::runner	INFO	Running command: "C:\\Program Files (x86)\\Mozilla Firefox\\firefox.exe" "--marionette" "-foreground" "-no-remote" "-profile" "C:\\Users\\kalmazan\\AppData\\Local\\Temp\\rust_mozprofilesjx0xz"
1622785045135	Marionette	INFO	Marionette enabled
console.warn: SearchSettings: "get: No settings file exists, new profile?" (new NotFoundError("Could not open the file at C:\\Users\\kalmazan\\AppData\\Local\\Temp\\rust_mozprofilesjx0xz\\search.json.mozlz4", (void 0)))
1622785050495	Marionette	INFO	Listening on port 64697
1622785050983	Marionette	WARN	TLS certificate errors will be ignored for this session
1622785142645	Marionette	INFO	Stopped listening on port 64697

###!!! [Child][RunMessage] Error: Channel closing: too late to send/recv, messages will be lost

.exe" "--marionette" "-foreground" "-no-remote" "-profile" "C:\\Users\\kalmazan\\AppData\\Local\\Temp\\rust_mozprofilemKmEDS"
1622785135372	Marionette	INFO	Marionette enabled
console.warn: SearchSettings: "get: No settings file exists, new profile?" (new NotFoundError("Could not open the file at C:\\Users\\kalmazan\\AppData\\Local\\Temp\\rust_mozprofilemKmEDS\\search.json.mozlz4", (void 0)))
1622785138281	Marionette	INFO	Listening on port 64832
1622785138668	Marionette	WARN	TLS certificate errors will be ignored for this session
1622785188125	Marionette	INFO	Stopped listening on port 64832
2785182186	mozrunner::runner	INFO	Running command: "C:\\Program Files (x86)\\Mozilla Firefox\\firefox.exe" "--marionette" "-foreground" "-no-remote" "-profile" "C:\\Users\\kalmazan\\AppData\\Local\\Temp\\rust_mozprofilessrFjY"
1622785183284	Marionette	INFO	Marionette enabled
console.warn: SearchSettings: "get: No settings file exists, new profile?" (new NotFoundError("Could not open the file at C:\\Users\\kalmazan\\AppData\\Local\\Temp\\rust_mozprofilessrFjY\\search.json.mozlz4", (void 0)))
1622785187190	Marionette	INFO	Listening on port 64956
1622785187699	Marionette	WARN	TLS certificate errors will be ignored for this session
JavaScript error: resource://devtools/server/actors/network-monitor/network-event-actor.js, line 108: Error: Got a request http://fonts.googleapis.com/css?family=Open+Sans:300,600&subset=latin,latin-ext without a browsingContextID set
1622785720560	Marionette	INFO	Stopped listening on port 64956

###!!! [Child][RunMessage] Error: Channel closing: too late to send/recv, messages will be lost

.exe" "--marionette" "-foreground" "-no-remote" "-profile" "C:\\Users\\kalmazan\\AppData\\Local\\Temp\\rust_mozprofileX1MkvK"
1622785398932	Marionette	INFO	Marionette enabled
console.warn: SearchSettings: "get: No settings file exists, new profile?" (new NotFoundError("Could not open the file at C:\\Users\\kalmazan\\AppData\\Local\\Temp\\rust_mozprofileX1MkvK\\search.json.mozlz4", (void 0)))
1622785403489	Marionette	INFO	Listening on port 65116
1622785404005	Marionette	WARN	TLS certificate errors will be ignored for this session
1622785493859	Marionette	INFO	Stopped listening on port 65111622785494508	mozrunner::runner	INFO	Running command: "C:\\Program Files (x86)\\Mozilla Firefox\\firefox.exe" "--marionette" "-foreground" "-no-remote" "-profile" "C:\\Users\\kalmazan\\AppData\\Local\\Temp\\rust_mozprofilec04JTg"
1622785495341	Marionette	INFO	Marionette enabled
console.warn: SearchSettings: "get: No settings file exists, new profile?" (new NotFoundError("Could not open the file at C:\\Users\\kalmazan\\AppData\\Local\\Temp\\rust_mozprofilec04JTg\\search.json.mozlz4", (void 0)))
1622785499483	Marionette	INFO	Listening on port 65288
1622785499997	Marionette	WARN	TLS certificate errors will be ignored for this session
1622785608837	Marionette	INFO	Stopped listening on port 65288

###!!! [Child][RunMessage] Error: Channel closing: too late to send/recv, messages will be lost

.exe" "--marionette" "-foreground" "-no-remote" "-profile" "C:\\Users\\kalmazan\\AppData\\Local\\Temp\\rust_mozprofileGIfWuo"
1622785608277	Marionette	INFO	Marionette enabled
console.warn: SearchSettings: "get: No settings file exists, new profile?" (new NotFoundError("Could not open the file at C:\\Users\\kalmazan\\AppData\\Local\\Temp\\rust_mozprofileGIfWuo\\search.json.mozlz4", (void 0)))
1622785612040	Marionette	INFO	Listening on port 65440
1622785612748	Marionette	WARN	TLS certificate errors will be ignored for this session
1622785721229	Marionette	INFO	Stopped listening on port 65440

###!!! [Child][RunMessage] Error: Channel closing: too late to send/recv, messages will be lost

1622786366925	geckodriver	INFO	Listening on 127.0.0.1:49333
1622786370017	mozrunner::runner	INFO	Running command: "C:\\Program Files (x86)\\Mozilla Firefox\\firefox.exe" "--marionette" "-foreground" "-no-remote" "-profile" "C:\\Users\\kalmazan\\AppData\\Local\\Temp\\rust_mozprofileYpM1YA"
1622786371268	Marionette	INFO	Marionette enabled
console.warn: SearchSettings: "get: No settings file exists, new profile?" (new NotFoundError("Could not open the file at C:\\Users\\kalmazan\\AppData\\Local\\Temp\\rust_mozprofileYpM1YA\\search.json.mozlz4", (void 0)))
1622786374594	Marionette	INFO	Listening on port 49343
1622786375067	Marionette	WARN	TLS certificate errors will be ignored for this session
1622786389798	Marionette	WARN	TimedPromise timed out after 500 ms: stacktrace:
TimedPromise/<@chrome://marionette/content/sync.js:237:19
TimedPromise@chrome://marionette/content/sync.js:222:10
interaction.flushEventLoop@chrome://marionette/content/interaction.js:431:10
webdriverClickElement@chrome://marionette/content/interaction.js:179:31

###!!! [Child][MessageChannel] Error: (msgtype=0x5A0009,name=PHttpChannel::Msg_DeletingChannel) Channel closing: too late to send/recv, messages will be lost


###!!! [Child][MessageChannel] Error: (msgtype=0x5A0009,name=PHttpChannel::Msg_DeletingChannel) Channel closing: too late to send/recv, messages will be lost


###!!! [Child][MessageChannel] Error: (msgtype=0x5A0009,name=PHttpChannel::Msg_DeletingChannel) Channel closing: too late to send/recv, messages will be lost


###!!! [Child][MessageChannel] Error: (msgtype=0x5A0009,name=PHttpChannel::Msg_DeletingChannel) Channel closing: too late to send/recv, messages will be lost


###!!! [Child][MessageChannel] Error: (msgtype=0x5A0009,name=PHttpChannel::Msg_DeletingChannel) Channel closing: too late to send/recv, messages will be lost


###!!! [Child][MessageChannel] Error: (msgtype=0x5A0009,name=PHttpChannel::Msg_DeletingChannel) Channel closing: too late to send/recv, messages will be lost


###!!! [Child][MessageChannel] Error: (msgtype=0x5A0009,name=PHttpChannel::Msg_DeletingChannel) Channel closing: too late to send/recv, messages will be lost


###!!! [Child][MessageChannel] Error: (msgtype=0x5A0009,name=PHttpChannel::Msg_DeletingChannel) Channel closing: too late to send/recv, messages will be lost


###!!! [Child][MessageChannel] Error: (msgtype=0x5A0009,name=PHttpChannel::Msg_DeletingChannel) Channel closing: too late to send/recv, messages will be lost


###!!! [Child][MessageChannel] Error: (msgtype=0x390141,name=PContent::Msg_ScriptError) Channel closing: too late to send/recv, messages will be lost

1622786562762	Marionette	INFO	Stopped listening on port 49343

###!!! [Child][RunMessage] Error: Channel closing: too late to send/recv, messages will be lost

1622788623490	geckodriver	INFO	Listening on 127.0.0.1:49931
1622788626597	mozrunner::runner	INFO	Running command: "C:\\Program Files (x86)\\Mozilla Firefox\\firefox.exe" "--marionette" "-foreground" "-no-remote" "-profile" "C:\\Users\\kalmazan\\AppData\\Local\\Temp\\rust_mozprofile2xROEk"
1622788628388	Marionette	INFO	Marionette enabled
console.warn: SearchSettings: "get: No settings file exists, new profile?" (new NotFoundError("Could not open the file at C:\\Users\\kalmazan\\AppData\\Local\\Temp\\rust_mozprofile2xROEk\\search.json.mozlz4", (void 0)))
1622788633726	Marionette	INFO	Listening on port 49941
1622788633787	Marionette	WARN	TLS certificate errors will be ignored for this session
1622788652875	Marionette	WARN	TimedPromise timed out after 500 ms: stacktrace:
TimedPromise/<@chrome://marionette/content/sync.js:237:19
TimedPromise@chrome://marionette/content/sync.js:222:10
interaction.flushEventLoop@chrome://marionette/content/interaction.js:431:10
webdriverClickElement@chrome://marionette/content/interaction.js:179:31
1622789138712	Marionette	INFO	Stopped listening on port 49941

###!!! [Child][RunMessage] Error: Channel closing: too late to send/recv, messages will be lost

.exe" "--marionette" "-foreground" "-no-remote" "-profile" "C:\\Users\\kalmazan\\AppData\\Local\\Temp\\rust_mozprofileYVAviG"
1622789122747	Marionette	INFO	Marionette enabled
console.warn: SearchSettings: "get: No settings file exists, new profile?" (new NotFoundError("Could not open the file at C:\\Users\\kalmazan\\AppData\\Local\\Temp\\rust_mozprofileYVAviG\\search.json.mozlz4", (void 0)))
1622789127159	Marionette	INFO	Listening on port 50254
1622789127303	Marionette	WARN	TLS certificate errors will be ignored for this session
1622789142253	Marionette	WARN	TimedPromise timed out after 500 ms: stacktrace:
TimedPromise/<@chrome://marionette/content/sync.js:237:19
TimedPromise@chrome://marionette/content/sync.js:222:10
interaction.flushEventLoop@chrome://marionette/content/interaction.js:431:10
webdriverClickElement@chrome://marionette/content/interaction.js:179:31
1622789441045	Marionette	INFO	Stopped listening on port 50254

###!!! [Child][RunMessage] Error: Channel closing: too late to send/recv, messages will be lost

.exe" "--marionette" "-foreground" "-no-remote" "-profile" "C:\\Users\\kalmazan\\AppData\\Local\\Temp\\rust_mozprofileKug6y5"
1622789362485	Marionette	INFO	Marionette enabled
console.warn: SearchSettings: "get: No settings file exists, new profile?" (new NotFoundError("Could not open the file at C:\\Users\\kalmazan\\AppData\\Local\\Temp\\rust_mozprofileKug6y5\\search.json.mozlz4", (void 0)))
1622789366798	Marionette	INFO	Listening on port 50486
1622789366999	Marionette	WARN	TLS certificate errors will be ignored for this session
1622789381528	Marionette	WARN	TimedPromise timed out after 500 ms: stacktrace:
TimedPromise/<@chrome://marionette/content/sync.js:237:19
TimedPromise@chrome://marionette/content/sync.js:222:10
interaction.flushEventLoop@chrome://marionette/content/interaction.js:431:10
webdriverClickElement@chrome://marionette/content/interaction.js:179:31
1622789662848	Marionette	INFO	Stopped listening on port 50486

###!!! [Child][RunMessage] Error: Channel closing: too late to send/recv, messages will be lost

.exe" "--marionette" "-foreground" "-no-remote" "-profile" "C:\\Users\\kalmazan\\AppData\\Local\\Temp\\rust_mozprofilewMPMrJ"
1622789464153	Marionette	INFO	Marionette enabled
console.warn: SearchSettings: "get: No settings file exists, new profile?" (new NotFoundError("Could not open the file at C:\\Users\\kalmazan\\AppData\\Local\\Temp\\rust_mozprofilewMPMrJ\\search.json.mozlz4", (void 0)))
1622789467741	Marionette	INFO	Listening on port 50644
1622789468204	Marionette	WARN	TLS certificate errors will be ignored for this session
1622789482965	Marionette	WARN	TimedPromise timed out after 500 ms: stacktrace:
TimedPromise/<@chrome://marionette/content/sync.js:237:19
TimedPromise@chrome://marionette/content/sync.js:222:10
interaction.flushEventLoop@chrome://marionette/content/interaction.js:431:10
webdriverClickElement@chrome://marionette/content/interaction.js:179:31
1622789664679	Marionette	INFO	Stopped listening on port 50644

###!!! [Child][RunMessage] Error: Channel closing: too late to send/recv, messages will be lost

.exe" "--marionette" "-foreground" "-no-remote" "-profile" "C:\\Users\\kalmazan\\AppData\\Local\\Temp\\rust_mozprofile9TSyTZ"
1622789661221	Marionette	INFO	Marionette enabled
console.warn: SearchSettings: "get: No settings file exists, new profile?" (new NotFoundError("Could not open the file at C:\\Users\\kalmazan\\AppData\\Local\\Temp\\rust_mozprofile9TSyTZ\\search.json.mozlz4", (void 0)))
1622789665491	Marionette	INFO	Listening on port 50856
1622789665534	Marionette	WARN	TLS certificate errors will be ignored for this session
1622789679887	Marionette	WARN	TimedPromise timed out after 500 ms: stacktrace:
TimedPromise/<@chrome://marionette/content/sync.js:237:19
TimedPromise@chrome://marionette/content/sync.js:222:10
interaction.flushEventLoop@chrome://marionette/content/interaction.js:431:10
webdriverClickElement@chrome://marionette/content/interaction.js:179:31
1622789969368	Marionette	INFO	Stopped listening on port 50856

###!!! [Child][RunMessage] Error: Channel closing: too late to send/recv, messages will be lost

.exe" "--marionette" "-foreground" "-no-remote" "-profile" "C:\\Users\\kalmazan\\AppData\\Local\\Temp\\rust_mozprofilezU0nlY"
1622789963107	Marionette	INFO	Marionette enabled
console.warn: SearchSettings: "get: No settings file exists, new profile?" (new NotFoundError("Could not open the file at C:\\Users\\kalmazan\\AppData\\Local\\Temp\\rust_mozprofilezU0nlY\\search.json.mozlz4", (void 0)))
1622789966178	Marionette	INFO	Listening on port 51022
1622789966351	Marionette	WARN	TLS certificate errors will be ignored for this session
1622789981559	Marionette	WARN	TimedPromise timed out after 500 ms: stacktrace:
TimedPromise/<@chrome://marionette/content/sync.js:237:19
TimedPromise@chrome://marionette/content/sync.js:222:10
interaction.flushEventLoop@chrome://marionette/content/interaction.js:431:10
webdriverClickElement@chrome://marionette/content/interaction.js:179:31
JavaScript error: resource://devtools/server/actors/network-monitor/network-event-actor.js, line 108: Error: Got a request http://fonts.googleapis.com/css?family=Open+Sans:300,600&subset=latin,latin-ext without a browsingContextID set
JavaScript error: resource://devtools/server/actors/network-monitor/network-event-actor.js, line 108: Error: Got a request http://fonts.googleapis.com/css?family=Open+Sans:300,600&subset=latin,latin-ext without a browsingContextID set
JavaScript error: resource://gre/actors/AutoCompleteChild.jsm, line 125: Error: Invalid autocomplete selectedIndex
JavaScript error: resource://gre/actors/AutoCompleteChild.jsm, line 125: Error: Invalid autocomplete selectedIndex
JavaScript error: resource://gre/actors/AutoCompleteChild.jsm, line 125: Error: Invalid autocomplete selectedIndex
JavaScript error: resource://gre/actors/AutoCompleteChild.jsm, line 125: Error: Invalid autocomplete selectedIndex
JavaScript error: resource://gre/actors/AutoCompleteChild.jsm, line 125: Error: Invalid autocomplete selectedIndex
1622790454722	Marionette	INFO	Stopped listening on port 51022

###!!! [Child][RunMessage] Error: Channel closing: too late to send/recv, messages will be lost

.exe" "--marionette" "-foreground" "-no-remote" "-profile" "C:\\Users\\kalmazan\\AppData\\Local\\Temp\\rust_mozprofilekvbsqo"
1622790441398	Marionette	INFO	Marionette enabled
console.warn: SearchSettings: "get: No settings file exists, new profile?" (new NotFoundError("Could not open the file at C:\\Users\\kalmazan\\AppData\\Local\\Temp\\rust_mozprofilekvbsqo\\search.json.mozlz4", (void 0)))
1622790444997	Marionette	INFO	Listening on port 51250
1622790445491	Marionette	WARN	TLS certificate errors will be ignored for this session
1622790459880	Marionette	WARN	TimedPromise timed out after 500 ms: stacktrace:
TimedPromise/<@chrome://marionette/content/sync.js:237:19
TimedPromise@chrome://marionette/content/sync.js:222:10
interaction.flushEventLoop@chrome://marionette/content/interaction.js:431:10
webdriverClickElement@chrome://marionette/content/interaction.js:179:31
JavaScript error: resource://gre/modules/AsyncShutdown.jsm, line 575: OperationError: Could not move temporary file(C:\Users\kalmazan\AppData\Local\Temp\rust_mozprofilekvbsqo\sessionCheckpoints.json.tmp) to destination(C:\Users\kalmazan\AppData\Local\Temp\rust_mozprofilekvbsqo\sessionCheckpoints.json)
1622790577827	Marionette	INFO	Stopped listening on port 51250

###!!! [Child][RunMessage] Error: Channel closing: too late to send/recv, messages will be lost

ers\\kalmazan\\AppData\\Local\\Temp\\rust_mozprofilec944jI\\search.json.mozlz4", (void 0)))
1622790519304	Marionette	INFO	Listening on port 51413
1622790519412	Marionette	WARN	TLS certificate errors will be ignored for this session
1622790534315	Marionette	WARN	TimedPromise timed out after 500 ms: stacktrace:
TimedPromise/<@chrome://marionette/content/sync.js:237:19
TimedPromise@chrome://marionette/content/sync.js:222:10
interaction.flushEventLoop@chrome://marionette/content/interaction.js:431:10
webdriverClickElement@chrome://marionette/content/interaction.js:179:31
JavaScript error: resource://devtools/server/actors/network-monitor/network-event-actor.js, line 108: Error: Got a request http://fonts.googleapis.com/css?family=Open+Sans:300,600&subset=latin,latin-ext without a browsingContextID set
JavaScript error: resource://devtools/server/actors/network-monitor/network-event-actor.js, line 108: Error: Got a request http://fonts.googleapis.com/css?family=Open+Sans:300,600&subset=latin,latin-ext without a browsingContextID set
1622791002956	Marionette	INFO	Stopped listening on port 51413

###!!! [Child][RunMessage] Error: Channel closing: too late to send/recv, messages will be lost

.exe" "--marionette" "-foreground" "-no-remote" "-profile" "C:\\Users\\kalmazan\\AppData\\Local\\Temp\\rust_mozprofileLKhEGS"
1622790676923	Marionette	INFO	Marionette enabled
console.warn: SearchSettings: "get: No settings file exists, new profile?" (new NotFoundError("Could not open the file at C:\\Users\\kalmazan\\AppData\\Local\\Temp\\rust_mozprofileLKhEGS\\search.json.mozlz4", (void 0)))
1622790680012	Marionette	INFO	Listening on port 51563
1622790680145	Marionette	WARN	TLS certificate errors will be ignored for this session
1622790697401	Marionette	WARN	TimedPromise timed out after 500 ms: stacktrace:
TimedPromise/<@chrome://marionette/content/sync.js:237:19
TimedPromise@chrome://marionette/content/sync.js:222:10
interaction.flushEventLoop@chrome://marionette/content/interaction.js:431:10
webdriverClickElement@chrome://marionette/content/interaction.js:179:31
[Parent 11636, IPC I/O Parent] WARNING: file /builds/worker/checkouts/gecko/ipc/chromium/src/base/process_util_win.cc:167
1622790794901	Marionette	INFO	Stopped listening on port 51563

###!!! [Child][RunMessage] Error: Channel closing: too late to send/recv, messages will be lost

1622790933199	geckodriver	INFO	Listening on 127.0.0.1:51752
1622790936284	mozrunner::runner	INFO	Running command: "C:\\Program Files (x86)\\Mozilla Firefox\\firefox.exe" "--marionette" "-foreground" "-no-remote" "-profile" "C:\\Users\\kalmazan\\AppData\\Local\\Temp\\rust_mozprofile5Dj4LY"
1622790937171	Marionette	INFO	Marionette enabled
console.warn: SearchSettings: "get: No settings file exists, new profile?" (new NotFoundError("Could not open the file at C:\\Users\\kalmazan\\AppData\\Local\\Temp\\rust_mozprofile5Dj4LY\\search.json.mozlz4", (void 0)))
1622790940355	Marionette	INFO	Listening on port 51760
1622790940654	Marionette	WARN	TLS certificate errors will be ignored for this session
1622790956243	Marionette	WARN	TimedPromise timed out after 500 ms: stacktrace:
TimedPromise/<@chrome://marionette/content/sync.js:237:19
TimedPromise@chrome://marionette/content/sync.js:222:10
interaction.flushEventLoop@chrome://marionette/content/interaction.js:431:10
webdriverClickElement@chrome://marionette/content/interaction.js:179:31
[Parent 14124, IPC I/O Parent] WARNING: file /builds/worker/checkouts/gecko/ipc/chromium/src/base/process_util_win.cc:167
1622791004062	Marionette	INFO	Stopped listening on port 51760
-foreground" "-no-remote" "-profile" "C:\\Users\\kalmazan\\AppData\\Local\\Temp\\rust_mozprofilerPpi6D"
1622790995540	Marionette	INFO	Marionette enabled
console.warn: SearchSettings: "get: No settings file exists, new profile?" (new NotFoundError("Could not open the file at C:\\Users\\kalmazan\\AppData\\Local\\Temp\\rust_mozprofilerPpi6D\\search.json.mozlz4", (void 0)))
1622791000494	Marionette	INFO	Listening on port 51896
1622791001522	Marionette	WARN	TLS certificate errors will be ignored for this session
1622791016058	Marionette	WARN	TimedPromise timed out after 500 ms: stacktrace:
TimedPromise/<@chrome://marionette/content/sync.js:237:19
TimedPromise@chrome://marionette/content/sync.js:222:10
interaction.flushEventLoop@chrome://marionette/content/interaction.js:431:10
webdriverClickElement@chrome://marionette/content/interaction.js:179:31
1622791180645	Marionette	INFO	Stopped listening on port 51896

###!!! [Child][RunMessage] Error: Channel closing: too late to send/recv, messages will be lost

.exe" "--marionette" "-foreground" "-no-remote" "-profile" "C:\\Users\\kalmazan\\AppData\\Local\\Temp\\rust_mozprofileqEMlsC"
1622791041691	Marionette	INFO	Marionette enabled
console.warn: SearchSettings: "get: No settings file exists, new profile?" (new NotFoundError("Could not open the file at C:\\Users\\kalmazan\\AppData\\Local\\Temp\\rust_mozprofileqEMlsC\\search.json.mozlz4", (void 0)))
1622791044871	Marionette	INFO	Listening on port 52044
1622791044939	Marionette	WARN	TLS certificate errors will be ignored for this session
1622791179127	Marionette	INFO	Stopped listening on port 52044

###!!! [Child][RunMessage] Error: Channel closing: too late to send/recv, messages will be lost

.exe" "--marionette" "-foreground" "-no-remote" "-profile" "C:\\Users\\kalmazan\\AppData\\Local\\Temp\\rust_mozprofileSXxORi"
1622791173385	Marionette	INFO	Marionette enabled
console.warn: SearchSettings: "get: No settings file exists, new profile?" (new NotFoundError("Could not open the file at C:\\Users\\kalmazan\\AppData\\Local\\Temp\\rust_mozprofileSXxORi\\search.json.mozlz4", (void 0)))
1622791176404	Marionette	INFO	Listening on port 52193
1622791176930	Marionette	WARN	TLS certificate errors will be ignored for this session
console.error: Region.jsm: "Error fetching region" (new Error("TIMEOUT", "resource://gre/modules/Region.jsm", 772))
console.error: Region.jsm: "Failed to fetch region" (new Error("TIMEOUT", "resource://gre/modules/Region.jsm", 419))
1622791190990	Marionette	WARN	TimedPromise timed out after 500 ms: stacktrace:
TimedPromise/<@chrome://marionette/content/sync.js:237:19
TimedPromise@chrome://marionette/content/sync.js:222:10
interaction.flushEventLoop@chrome://marionette/content/interaction.js:431:10
webdriverClickElement@chrome://marionette/content/interaction.js:179:31
JavaScript error: resource://devtools/server/actors/network-monitor/network-event-actor.js, line 108: Error: Got a request http://fonts.googleapis.com/css?family=Open+Sans:300,600&subset=latin,latin-ext without a browsingContextID set
JavaScript error: resource://devtools/server/actors/network-monitor/network-event-actor.js, line 108: Error: Got a request http://fonts.googleapis.com/css?family=Open+Sans:300,600&subset=latin,latin-ext without a browsingContextID set
JavaScript error: resource://gre/actors/AutoCompleteChild.jsm, line 125: Error: Invalid autocomplete selectedIndex
JavaScript error: resource://gre/actors/AutoCompleteChild.jsm, line 125: Error: Invalid autocomplete selectedIndex
JavaScript error: resource://gre/actors/AutoCompleteChild.jsm, line 125: Error: Invalid autocomplete selectedIndex
JavaScript error: resource://gre/actors/AutoCompleteChild.jsm, line 125: Error: Invalid autocomplete selectedIndex
JavaScript error: resource://gre/actors/AutoCompleteChild.jsm, line 125: Error: Invalid autocomplete selectedIndex
JavaScript error: resource://gre/actors/AutoCompleteChild.jsm, line 125: Error: Invalid autocomplete selectedIndex
JavaScript error: resource://gre/actors/AutoCompleteChild.jsm, line 125: Error: Invalid autocomplete selectedIndex
JavaScript error: resource://gre/actors/AutoCompleteChild.jsm, line 125: Error: Invalid autocomplete selectedIndex
console.warn: "Resource  of root-node was not found."
console.error: (new TypeError("parent is null", "resource://devtools/client/inspector/shared/style-change-tracker.js", 67))
TypeError: parent is null: canMutationImpactCurrentStyles@resource://devtools/client/inspector/shared/style-ch1622791506484	Marionette	INFO	Marionette enabled
console.warn: SearchSettings: "get: No settings file exists, new profile?" (new NotFoundError("Could not open the file at C:\\Users\\kalmazan\\AppData\\Local\\Temp\\rust_mozprofilesRPsVw\\search.json.mozlz4", (void 0)))
1622791509399	Marionette	INFO	Listening on port 52383
1622791509763	Marionette	WARN	TLS certificate errors will be ignored for this session
1622791525685	Marionette	WARN	TimedPromise timed out after 500 ms: stacktrace:
TimedPromise/<@chrome://marionette/content/sync.js:237:19
TimedPromise@chrome://marionette/content/sync.js:222:10
interaction.flushEventLoop@chrome://marionette/content/interaction.js:431:10
webdriverClickElement@chrome://marionette/content/interaction.js:179:31
1622791746455	Marionette	INFO	Stopped listening on port 52383

###!!! [Child][RunMessage] Error: Channel closing: too late to send/recv, messages will be lost

/devtools/shared/event-emitter.js:226:34
emit@resource://devtools/shared/event-emitter.js:172:18
emit@resource://devtools/shared/event-emitter.js:324:18
_onMutations@resource://devtools/client/framework/selection.js:104:12
_emit@resource://devtools/shared/event-emitter.js:226:34
emit@resource://devtools/shared/event-emitter.js:172:18
emit@resource://devtools/shared/event-emitter.js:324:18
getMutations@resource://devtools/client/fronts/walker.js:358:10

console.error: (new Error("Can not send request 'getAllSelectors' because front 'domnode' is already destroyed.", "resource://devtools/shared/protocol/Front/FrontClassWithSpec.js", 28))
Error: Can not send request 'getAllSelectors' because front 'domnode' is already destroyed.: generateRequestMethods/</frontProto[name]@resource://devtools/shared/protocol/Front/FrontClassWithSpec.js:28:15
updateSelectionCssSelectors@resource://devtools/client/inspector/inspector.js:1430:32
onNewSelection@resource://devtools/client/inspector/inspector.js:1501:10
_emit@resource://devtools/shared/event-emitter.js:226:34
emit@resource://devtools/shared/event-emitter.js:172:18
emit@resource://devtools/shared/event-emitter.js:324:18
setNodeFront@resource://devtools/client/framework/selection.js:161:10
onDetached@resource://devtools/client/inspector/inspector.js:1616:20
_emit@resource://devtools/shared/event-emitter.js:226:34
emit@resource://devtools/shared/event-emitter.js:172:18
emit@resource://devtools/shared/event-emitter.js:324:18
_onMutations@resource://devtools/client/framework/selection.js:104:12
_emit@resource://devtools/shared/event-emitter.js:226:34
emit@resource://devtools/shared/event-emitter.js:172:18
emit@resource://devtools/shared/event-emitter.js:324:18
getMutations@resource://devtools/client/fronts/walker.js:358:10

console.error: (new TypeError("container.node.targetFront is null", "resource://devtools/client/inspector/markup/markup.js", 2310))
console.error: (new TypeError("parent is null", "resource://devtools/client/inspector/shared/style-change-tracker.js", 67))
TypeError: parent is null: canMutationImpactCurrentStyles@resource://devtools/client/inspector/shared/style-change-tracker.js:67:24
onMutations@resource://devtools/client/inspector/shared/style-change-tracker.js:84:41
_emit@resource://devtools/shared/event-emitter.js:226:34
emit@resource://devtools/shared/event-emitter.js:172:18
emit@resource://devtools/shared/event-emitter.js:324:18
getMutations@resource://devtools/client/fronts/walker.js:358:10

console.error: (new TypeError("parent is null", "resource://devtools/client/inspector/shared/style-change-tracker.js", 67))
TypeError: parent is null: canMutationImpactCurrentStyles@resource://devtools/client/inspector/shared/style-change-tracker.js:67:24
onMutations@resource://devtools/client/inspector/shared/style-change-tracker.js:84:41
_emit@resource://devtools/shared/event-emitter.js:226:34
emit@resource://devtools/shared/event-emitter.js:172:18
emit@resource://devtools/shared/event-emitter.js:324:18
getMutations@resource://devtools/client/fronts/walker.js:358:10

console.error: (new TypeError("parent is null", "resource://devtools/client/inspector/shared/style-change-tracker.js", 67))
TypeError: parent is null: canMutationImpactCurrentStyles@resource://devtools/client/inspector/shared/style-change-tracker.js:67:24
onMutations@resource://devtools/client/inspector/shared/style-change-tracker.js:84:41
_emit@resource://devtools/shared/event-emitter.js:226:34
emit@resource://devtools/shared/event-emitter.js:172:18
emit@resource://devtools/shared/event-emitter.js:324:18
getMutations@resource://devtools/client/fronts/walker.js:358:10

console.error: (new TypeError("parent is null", "resource://devtools/client/inspector/shared/style-change-tracker.js", 67))
TypeError: parent is null: canMutationImpactCurrentStyles@resource://devtools/client/inspector/shared/style-change-tracker.js:67:24
onMutations@resource://devtools/client/inspector/shared/style-change-tracker.js:84:41
_emit@resource://devtools/shared/event-emitter.js:226:34
emit@resource://devtools/shared/event-emitter.js:172:18
emit@resource://devtools/shared/event-emitter.js:324:18
getMutations@resource://devtools/client/fronts/walker.js:358:10

console.error: (new TypeError("parent is null", "resource://devtools/client/inspector/shared/style-change-tracker.js", 67))
TypeError: parent is null: canMutationImpactCurrentStyles@resource://devtools/client/inspector/shared/style-change-tracker.js:67:24
onMutations@resource://devtools/client/inspector/shared/style-change-tracker.js:84:41
_emit@resource://devtools/shared/event-emitter.js:226:34
emit@resource://devtools/shared/event-emitter.js:172:18
emit@resource://devtools/shared/event-emitter.js:324:18
getMutations@resource://devtools/client/fronts/walker.js:358:10

console.error: (new TypeError("parent is null", "resource://devtools/client/inspector/shared/style-change-tracker.js", 67))
TypeError: parent is null: canMutationImpactCurrentStyles@resource://devtools/client/inspector/shared/style-change-tracker.js:67:24
onMutations@resource://devtools/client/inspector/shared/style-change-tracker.js:84:41
_emit@resource://devtools/shared/event-emitter.js:226:34
emit@resource://devtools/shared/event-emitter.js:172:18
emit@resource://devtools/shared/event-emitter.js:324:18
getMutations@resource://devtools/client/fronts/walker.js:358:10

1622791511113	Marionette	INFO	Stopped listening on port 52193

###!!! [Child][RunMessage] Error: Channel closing: too late to send/recv, messages will be lost

1622791676377	geckodriver	INFO	Listening on 127.0.0.1:52527
1622791679473	mozrunner::runner	INFO	Running command: "C:\\Program Files (x86)\\Mozilla Firefox\\firefox.exe" "--marionette" "-foreground" "-no-remote" "-profile" "C:\\Users\\kalmazan\\AppData\\Local\\Temp\\rust_mozprofileDHxYOb"
1622791680328	Marionette	INFO	Marionette enabled
console.warn: SearchSettings: "get: No settings file exists, new profile?" (new NotFoundError("Could not open the file at C:\\Users\\kalmazan\\AppData\\Local\\Temp\\rust_mozprofileDHxYOb\\search.json.mozlz4", (void 0)))
1622791683134	Marionette	INFO	Listening on port 52535
1622791683350	Marionette	WARN	TLS certificate errors will be ignored for this session
1622791698135	Marionette	WARN	TimedPromise timed out after 500 ms: stacktrace:
TimedPromise/<@chrome://marionette/content/sync.js:237:19
TimedPromise@chrome://marionette/content/sync.js:222:10
interaction.flushEventLoop@chrome://marionette/content/interaction.js:431:10
webdriverClickElement@chrome://marionette/content/interaction.js:179:31
WARNING: A blocker encountered an error while we were waiting.
          Blocker:  CrashMonitor: Writing notifications to file after receiving profile-before-change
          Phase: IOUtils: waiting for profileBeforeChange IO to complete
          State: (none)
WARNING: OperationError: Could not move temporary file(C:\Users\kalmazan\AppData\Local\Temp\rust_mozprofileDHxYOb\sessionCheckpoints.json.tmp) to destination(C:\Users\kalmazan\AppData\Local\Temp\rust_mozprofileDHxYOb\sessionCheckpoints.json)
WARNING: observe@resource://gre/modules/AsyncShutdown.jsm:575:16

JavaScript error: resource://gre/modules/AsyncShutdown.jsm, line 575: OperationError: Could not move temporary file(C:\Users\k1622791759506	Marionette	WARN	TimedPromise timed out after 500 ms: stacktrace:
TimedPromise/<@chrome://marionette/content/sync.js:237:19
TimedPromise@chrome://marionette/content/sync.js:222:10
interaction.flushEventLoop@chrome://marionette/content/interaction.js:431:10
webdriverClickElement@chrome://marionette/content/interaction.js:179:31
1622792024392	Marionette	INFO	Stopped listening on port 52678

###!!! [Child][RunMessage] Error: Channel closing: too late to send/recv, messages will be lost

.exe" "--marionette" "-foreground" "-no-remote" "-profile" "C:\\Users\\kalmazan\\AppData\\Local\\Temp\\rust_mozprofilemIRaqu"
1622791816027	Marionette	INFO	Marionette enabled
console.warn: SearchSettings: "get: No settings file exists, new profile?" (new NotFoundError("Could not open the file at C:\\Users\\kalmazan\\AppData\\Local\\Temp\\rust_mozprofilemIRaqu\\search.json.mozlz4", (void 0)))
1622791818925	Marionette	INFO	Listening on port 52830
1622791819038	Marionette	WARN	TLS certificate errors will be ignored for this session
1622791834750	Marionette	WARN	TimedPromise timed out after 500 ms: stacktrace:
TimedPromise/<@chrome://marionette/content/sync.js:237:19
TimedPromise@chrome://marionette/content/sync.js:222:10
interaction.flushEventLoop@chrome://marionette/content/interaction.js:431:10
webdriverClickElement@chrome://marionette/content/interaction.js:179:31
JavaScript error: resource://devtools/server/actors/network-monitor/network-event-actor.js, line 108: Error: Got a request http://fonts.googleapis.com/css?family=Open+Sans:300,600&subset=latin,latin-ext without a browsingContextID set
[Parent 13788, IPC I/O Parent] WARNING: file /builds/worker/checkouts/gecko/ipc/chromium/src/base/process_util_win.cc:167
1622792026395	Marionette	INFO	Stopped listening on port 52830
-foreground" "-no-remote" "-profile" "C:\\Users\\kalmazan\\AppData\\Local\\Temp\\rust_mozprofileAZxJu6"
1622791930895	Marionette	INFO	Marionette enabled
console.warn: SearchSettings: "get: No settings file exists, new profile?" (new NotFoundError("Could not open the file at C:\\Users\\kalmazan\\AppData\\Local\\Temp\\rust_mozprofileAZxJu6\\search.json.mozlz4", (void 0)))
1622791933807	Marionette	INFO	Listening on port 52997
1622791933982	Marionette	WARN	TLS certificate errors will be ignored for this session
1622791952226	Marionette	WARN	TimedPromise timed out after 500 ms: stacktrace:
TimedPromise/<@chrome://marionette/content/sync.js:237:19
TimedPromise@chrome://marionette/content/sync.js:222:10
interaction.flushEventLoop@chrome://marionette/content/interaction.js:431:10
webdriverClickElement@chrome://marionette/content/interaction.js:179:31
[Parent 2180, IPC I/O Parent] WARNING: file /builds/worker/checkouts/gecko/ipc/chromium/src/base/process_util_win.cc:167
1622792026712	Marionette	INFO	Stopped listening on port 52997

###!!! [Child][RunMessage] Error: Channel closing: too late to send/recv, messages will be lost

tv"
1622792019027	Marionette	INFO	Marionette enabled
console.warn: SearchSettings: "get: No settings file exists, new profile?" (new NotFoundError("Could not open the file at C:\\Users\\kalmazan\\AppData\\Local\\Temp\\rust_mozprofileXR10tv\\search.json.mozlz4", (void 0)))
1622792022139	Marionette	INFO	Listening on port 53142
1622792022589	Marionette	WARN	TLS certificate errors will be ignored for this session
1622792108977	Marionette	INFO	Stopped listening on port 53142

###!!! [Child][RunMessage] Error: Channel closing: too late to send/recv, messages will be lost

1622792133153	geckodriver	INFO	Listening on 127.0.0.1:53350
1622792136275	mozrunner::runner	INFO	Running command: "C:\\Program Files (x86)\\Mozilla Firefox\\firefox.exe" "--marionette" "-foreground" "-no-remote" "-profile" "C:\\Users\\kalmazan\\AppData\\Local\\Temp\\rust_mozprofileLYo39b"
1622792137224	Marionette	INFO	Marionette enabled
console.warn: SearchSettings: "get: No settings file exists, new profile?" (new NotFoundError("Could not open the file at C:\\Users\\kalmazan\\AppData\\Local\\Temp\\rust_mozprofileLYo39b\\search.json.mozlz4", (void 0)))
1622792140898	Marionette	INFO	Listening on port 53359
1622792141412	Marionette	WARN	TLS certificate errors will be ignored for this session
console.error: (new Error("SessionFile is closed", "resource:///modules/sessionstore/SessionFile.jsm", 433))
JavaScript error: resource://gre/modules/CrashManager.jsm, line 829: AbortError: IOUtils: Shutting down and refusing additional I/O tasks
*** UTM:SVC TimerManager:registerTimer called after profile-before-change notification. Ignoring timer registration for id: telemetry_modules_ping
*** UTM:SVC TimerManager:registerTimer called after profile-before-change notification. Ignoring timer registration for id: telemetry_untrustedmodules_ping
1622792206336	Marionette	INFO	Stopped listening on port 53359

###!!! [Child][RunMessage] Error: Channel closing: too late to send/recv, messages will be lost

1622792209437	geckodriver	INFO	Listening on 127.0.0.1:53469
1622792212498	mozrunner::runner	INFO	Running command: "C:\\Program Files (x86)\\Mozilla Firefox\\firefox.exe" "--marionette" "-foreground" "-no-remote" "-profile" "C:\\Users\\kalmazan\\AppData\\Local\\Temp\\rust_mozprofileeRAT8e"
1622792213455	Marionette	INFO	Marionette enabled
console.warn: SearchSettings: "get: No settings file exists, new profile?" (new NotFoundError("Could not open the file at C:\\Users\\kalmazan\\AppData\\Local\\Temp\\rust_mozprofileeRAT8e\\search.json.mozlz4", (void 0)))
1622792217383	Marionette	INFO	Listening on port 53477
1622792218129	Marionette	WARN	TLS certificate errors will be ignored for this session
1622792234062	Marionette	WARN	TimedPromise timed out after 500 ms: stacktrace:
TimedPromise/<@chrome://marionette/content/sync.js:237:19
TimedPromise@chrome://marionette/content/sync.js:222:10
interaction.flushEventLoop@chrome://marionette/content/interaction.js:431:10
webdriverClickElement@chrome://marionette/content/interaction.js:179:31
JavaScript error: resource://devtools/server/actors/network-monitor/network-event-actor.js, line 108: Error: Got a request http://fonts.googleapis.com/css?family=Open+Sans:300,600&subset=latin,latin-ext without a browsingContextID set
JavaScript error: resource://devtools/server/actors/network-monitor/network-event-actor.js, line 108: Error: Got a request http://fonts.googleapis.com/css?family=Open+Sans:300,600&subset=latin,latin-ext without a browsingContextID set
console.warn: "Resource  of root-node was not found."
console.error: (new TypeError("parent is null", "resource://devtools/client/inspector/shared/style-change-tracker.js", 67))
TypeError: parent is null: canMutationImpactCurrentStyles@resource://devtools/client/inspector/shared/style-change-tracker.js:67:24
onMutations@resource://devtools/client/inspector/shared/style-change-tracker.js:84:41
_emit@resource://devtools/shared/event-emitter.js:226:34
emit@resource://devtools/shared/event-emitter.js:172:18
emit@resource://devtools/shared/event-emitter.js:324:18
getMutations@resource://devtools/client/fronts/walker.js:358:10

console.error: (new TypeError("nodeFront.walkerFront is null", "resource://devtools/client/inspector/markup/markup.js", 952))
TypeError: nodeFront.walkerFront is null: _onNewSelection@resource://devtools/client/inspector/markup/markup.js:952:7
_emit@resource://devtools/shared/event-emitter.js:226:34
emit@resource://devtools/shared/event-emitter.js:172:18
emit@resource://devtools/shared/event-emitter.js:324:18
setNodeFront@resource://devtools/client/framework/selection.js:161:10
onDetached@resource://devtools/client/inspector/inspector.js:1616:20
_emit@resource://devtools/shared/event-emitter.js:226:34
emit@resource://devtools/shared/event-emitter.js:172:18
emit@resource://devtools/shared/event-emitter.js:324:18
_onMutations@resource://devtools/client/framework/selection.js:104:12
_emit@resource://devtools/shared/event-emitter.js:226:34
emit@resource://devtools/shared/event-emitter.js:172:18
emit@resource://devtools/shared/event-emitter.js:324:18
getMutations@resource://devtools/client/fronts/walker.js:358:10

console.error: (new Error("Can not send request 'getAllSelectors' because front 'domnode' is already destroyed.", "resource://devtools/shared/protocol/Front/FrontClassWithSpec.js", 28))
Error: Can not send request 'getAllSelectors' because front 'domnode' is already destroyed.: generateRequestMethods/</frontProto[name]@resource://devtools/shared/protocol/Front/FrontClassWithSpec.js:28:15
updateSelectionCssSelectors@resource://devtools/client/inspector/inspector.js:1430:32
onNewSelection@resource://devtools/client/inspector/inspector.js:1501:10
_emit@resource://devtools/shared/event-emitter.js:226:34
emit@resource://devtools/shared/event-emitter.js:172:18
emit@resource://devtools/shared/event-emitter.js:324:18
setNodeFront@resource://devtools/client/framework/selection.js:161:10
onDetached@resource://devtools/client/inspector/inspector.js:1616:20
_emit@resource://devtools/shared/event-emitter.js:226:34
emit@resource://devtools/shared/event-emitter.js:172:18
emit@resource://devtools/shared/event-emitter.js:324:18
_onMutations@resource://devtools/client/framework/selection.js:104:12
_emit@resource://devtools/shared/event-emitter.js:226:34
emit@resource://devtools/shared/event-emitter.js:172:18
emit@resource://devtools/shared/event-emitter.js:324:18
getMutations@resource://devtools/client/fronts/walker.js:358:10

console.error: (new TypeError("container.node.targetFront is null", "resource://devtools/client/inspector/markup/markup.js", 2310))
console.error: (new TypeError("parent is null", "resource://devtools/client/inspector/shared/style-change-tracker.js", 67))
TypeError: parent is null: canMutationImpactCurrentStyles@resource://devtools/client/inspector/shared/style-change-tracker.js:67:24
onMutations@resource://devtools/client/inspector/shared/style-change-tracker.js:84:41
_emit@resource://devtools/shared/event-emitter.js:226:34
emit@resource://devtools/shared/event-emitter.js:172:18
emit@resource://devtools/shared/event-emitter.js:324:18
getMutations@resource://devtools/client/fronts/walker.js:358:10

console.error: (new TypeError("parent is null", "resource://devtools/client/inspector/shared/style-change-tracker.js", 67))
TypeError: parent is null: canMutationImpactCurrentStyles@resource://devtools/client/inspector/shared/style-change-tracker.js:67:24
onMutations@resource://devtools/client/inspector/shared/style-change-tracker.js:84:41
_emit@resource://devtools/shared/event-emitter.js:226:34
emit@resource://devtools/shared/event-emitter.js:172:18
emit@resource://devtools/shared/event-emitter.js:324:18
getMutations@resource://devtools/client/fronts/walker.js:358:10

1622792573275	Marionette	INFO	Stopped listening on port 53477
1622792573975	geckodriver	INFO	Listening on 127.0.0.1:53801
1622792577187	mozrunner::runner	INFO	Running command: "C:\\Program Files (x86)\\Mozilla Firefox\\firefox.exe" "--marionette" "-foreground" "-no-remote" "-profile" "C:\\Users\\kalmazan\\AppData\\Local\\Temp\\rust_mozprofileFEv68w"
1622792578898	Marionette	INFO	Marionette enabled
console.warn: SearchSettings: "get: No settings file exists, new profile?" (new NotFoundError("Could not open the file at C:\\Users\\kalmazan\\AppData\\Local\\Temp\\rust_mozprofileFEv68w\\search.json.mozlz4", (void 0)))
1622792582751	Marionette	INFO	Listening on port 53809
1622792583424	Marionette	WARN	TLS certificate errors will be ignored for this session
1622792598940	Marionette	WARN	TimedPromise timed out after 500 ms: stacktrace:
TimedPromise/<@chrome://marionette/content/sync.js:237:19
TimedPromise@chrome://marionette/content/sync.js:222:10
interaction.flushEventLoop@chrome://marionette/content/interaction.js:431:10
webdriverClickElement@chrome://marionette/content/interaction.js:179:31
1622792606121	Marionette	INFO	Stopped listening on port 53809

###!!! [Child][RunMessage] Error: Channel closing: too late to send/recv, messages will be lost

1622792609365	geckodriver	INFO	Listening on 127.0.0.1:53938
1622792612427	mozrunner::runner	INFO	Running command: "C:\\Program Files (x86)\\Mozilla Firefox\\firefox.exe" "--marionette" "-foreground" "-no-remote" "-profile" "C:\\Users\\kalmazan\\AppData\\Local\\Temp\\rust_mozprofileKB5u8x"
1622792613271	Marionette	INFO	Marionette enabled
console.warn: SearchSettings: "get: No settings file exists, new profile?" (new NotFoundError("Could not open the file at C:\\Users\\kalmazan\\AppData\\Local\\Temp\\rust_mozprofileKB5u8x\\search.json.mozlz4", (void 0)))
1622792615947	Marionette	INFO	Listening on port 53949
1622792616271	Marionette	WARN	TLS certificate errors will be ignored for this session
1622792631003	Marionette	WARN	TimedPromise timed out after 500 ms: stacktrace:
TimedPromise/<@chrome://marionette/content/sync.js:237:19
TimedPromise@chrome://marionette/content/sync.js:222:10
interaction.flushEventLoop@chrome://marionette/content/interaction.js:431:10
webdriverClickElement@chrome://marionette/content/interaction.js:179:31
JavaScript error: resource://devtools/server/actors/network-monitor/network-event-actor.js, line 108: Error: Got a request http://fonts.googleapis.com/css?family=Open+Sans:300,600&subset=latin,latin-ext without a browsingContextID set
JavaScript error: resource://devtools/server/actors/network-monitor/network-event-actor.js, line 108: Error: Got a request http://fonts.googleapis.com/css?family=Open+Sans:300,600&subset=latin,latin-ext without a browsingContextID set
JavaScript error: resource://gre/actors/AutoCompleteChild.jsm, line 125: Error: Invalid autocomplete selectedIndex
JavaScript error: resource://gre/actors/AutoCompleteChild.jsm, line 125: Error: Invalid autocomplete selectedIndex
JavaScript error: resource://gre/actors/AutoCompleteChild.jsm, line 125: Error: Invalid autocomplete selectedIndex
JavaScript error: resource://gre/actors/AutoCompleteChild.jsm, line 125: Error: Invalid autocomplete selectedIndex
JavaScript error: resource://gre/actors/AutoCompleteChild.jsm, line 125: Error: Invalid autocomplete selectedIndex
1622793220626	Marionette	INFO	Stopped listening on port 53949

###!!! [Child][RunMessage] Error: Channel closing: too late to send/recv, messages will be lost

tening on port 54153

###!!! [Child][RunMessage] Error: Channel closing: too late to send/recv, messages will be lost

.exe" "--marionette" "-foreground" "-no-remote" "-profile" "C:\\Users\\kalmazan\\AppData\\Local\\Temp\\rust_mozprofilezStxPy"
1622792918720	Marionette	INFO	Marionette enabled
console.warn: SearchSettings: "get: No settings file exists, new profile?" (new NotFoundError("Could not open the file at C:\\Users\\kalmazan\\AppData\\Local\\Temp\\rust_mozprofilezStxPy\\search.json.mozlz4", (void 0)))
1622792921700	Marionette	INFO	Listening on port 54302
1622792922116	Marionette	WARN	TLS certificate errors will be ignored for this session
1622792941657	Marionette	WARN	TimedPromise timed out after 500 ms: stacktrace:
TimedPromise/<@chrome://marionette/content/sync.js:237:19
TimedPromise@chrome://marionette/content/sync.js:222:10
interaction.flushEventLoop@chrome://marionette/content/interaction.js:431:10
webdriverClickElement@chrome://marionette/content/interaction.js:179:31
1622793020496	Marionette	INFO	Stopped listening on port 54302

###!!! [Child][RunMessage] Error: Channel closing: too late to send/recv, messages will be lost

.exe" "--marionette" "-foreground" "-no-remote" "-profile" "C:\\Users\\kalmazan\\AppData\\Local\\Temp\\rust_mozprofilefL63BZ"
1622792973831	Marionette	INFO	Marionette enabled
console.warn: SearchSettings: "get: No settings file exists, new profile?" (new NotFoundError("Could not open the file at C:\\Users\\kalmazan\\AppData\\Local\\Temp\\rust_mozprofilefL63BZ\\search.json.mozlz4", (void 0)))
1622792976922	Marionette	INFO	Listening on port 54443
1622792977443	Marionette	WARN	TLS certificate errors will be ignored for this session
1622792994858	Marionette	WARN	TimedPromise timed out after 500 ms: stacktrace:
TimedPromise/<@chrome://marionette/content/sync.js:237:19
TimedPromise@chrome://marionette/content/sync.js:222:10
interaction.flushEventLoop@chrome://marionette/content/interaction.js:431:10
webdriverClickElement@chrome://marionette/content/interaction.js:179:31
1622793022741	Marionette	INFO	Stopped listening on port 54443

###!!! [Child][RunMessage] Error: Channel closing: too late to send/recv, messages will be lost

.exe" "--marionette" "-foreground" "-no-remote" "-profile" "C:\\Users\\kalmazan\\AppData\\Local\\Temp\\rust_mozprofile6tBZ1z"
1622793019071	Marionette	INFO	Marionette enabled
console.warn: SearchSettings: "get: No settings file exists, new profile?" (new NotFoundError("Could not open the file at C:\\Users\\kalmazan\\AppData\\Local\\Temp\\rust_mozprofile6tBZ1z\\search.json.mozlz4", (void 0)))
JavaScript error: resource://activity-stream/lib/ActivityStreamPrefs.jsm, line 27: NS_ERROR_ILLEGAL_VALUE: Component returned failure code: 0x80070057 (NS_ERROR_ILLEGAL_VALUE) [nsIPrefBranch.removeObserver]
console.error: Region.jsm: "Error fetching region" (new TypeError("NetworkError when attempting to fetch resource.", ""))
console.error: Region.jsm: "Failed to fetch region" (new Error("NO_RESULT", "resource://gre/modules/Region.jsm", 419))
JavaScript error: resource://activity-stream/lib/PlacesFeed.jsm, line 166: NS_ERROR_XPC_GS_RETURNED_FAILURE: ServiceManager::GetService returned failure code:
JavaScript error: resource://gre/modules/ExtensionSettingsStore.jsm, line 122: Error: The ExtensionSettingsStore was accessed before the initialize promise resolved.
console.log: "RemoteSettingsWorker error: Error: Can't import when we've started shutting down."
console.log: "RemoteSettingsWorker error: Error: Can't import when we've started shutting down."
console.error: "Could not load engine google@search.mozilla.org: [Exception... \"AddonManager is not initialized\"  nsresult: \"0xc1f30001 (NS_ERROR_NOT_INITIALIZED)\"  location: \"JS frame :: resource://gre/modules/AddonManager.jsm :: installBuiltinAddon :: line 2536\"  data: no]"
console.error: "Could not load engine amazondotcom@search.mozilla.org: [Exception... \"AddonManager is not initialized\"  nsresult: \"0xc1f30001 (NS_ERROR_NOT_INITIALIZED)\"  location: \"JS frame :: resource://gre/modules/AddonManager.jsm :: installBuiltinAddon :: line 2536\"  data: no]"
console.error: "Could not load engine wikipedia@search.mozilla.org: [Exception... \"AddonManager is not initialized\"  nsresult: \"0xc1f30001 (NS_ERROR_NOT_INITIALIZED)\"  location: \"JS frame :: resource://gre/modules/AddonManager.jsm :: installBuiltinAddon :: line 2536\"  data: no]"
console.error: "Could not load engine bing@search.mozilla.org: [Exception... \"AddonManager is not initialized\"  nsresult: \"0xc1f30001 (NS_ERROR_NOT_INITIALIZED)\"  location: \"JS frame :: resource://gre/modules/AddonManager.jsm :: installBuiltinAddon :: line 2536\"  data: no]"
console.error: "Could not load engine ddg@search.mozilla.org: [Exception... \"AddonManager is not initialized\"  nsresult: \"0xc1f30001 (NS_ERROR_NOT_INITIALIZED)\"  location: \"JS frame :: resource://gre/modules/AddonManager.jsm :: installBuiltinAddon :: line 2536\"  data: no]"
console.warn: SearchService: "_init: abandoning init due to shutting down"
JavaScript error: , line 0: uncaught exception: 2147500036
JavaScript error: , line 0: uncaught exception: 2147500036
JavaScript error: , line 0: uncaught exception: 2147500036
JavaScript error: , line 0: uncaught exception: 2147500036
JavaScript error: , line 0: uncaught exception: 2147500036
console.error: PushService: 
  stateChangeProcessEnqueue: Error transitioning state
  AbortError
console.error: PushService: 
  clearOriginData: Error clearing origin data:
  AbortError

###!!! [Child][RunMessage] Error: Channel closing: too late to send/recv, messages will be lost

1622793026989	geckodriver	INFO	Listening on 127.0.0.1:54643
1622793030044	mozrunner::runner	INFO	Running command: "C:\\Program Files (x86)\\Mozilla Firefox\\firefox.exe" "--marionette" "-foreground" "-no-remote" "-profile" "C:\\Users\\kalmazan\\AppData\\Local\\Temp\\rust_mozprofileTAZM1p"
1622793030854	Marionette	INFO	Marionette enabled
console.warn: SearchSettings: "get: No settings file exists, new profile?" (new NotFoundError("Could not open the file at C:\\Users\\kalmazan\\AppData\\Local\\Temp\\rust_mozprofileTAZM1p\\search.json.mozlz4", (void 0)))
1622793033716	Marionette	INFO	Listening on port 54656
1622793033918	Marionette	WARN	TLS certificate errors will be ignored for this session
1622793053741	Marionette	WARN	TimedPromise timed out after 500 ms: stacktrace:
TimedPromise/<@chrome://marionette/content/sync.js:237:19
TimedPromise@chrome://marionette/content/sync.js:222:10
interaction.flushEventLoop@chrome://marionette/content/interaction.js:431:10
webdriverClickElement@chrome://marionette/content/interaction.js:179:31
JavaScript error: resource://devtools/server/actors/network-monitor/network-event-actor.js, line 108: Error: Got a request http://fonts.googleapis.com/css?family=Open+Sans:300,600&subset=latin,latin-ext without a browsingContextID set
JavaScript error: resource://devtools/server/actors/network-monitor/network-event-actor.js, line 108: Error: Got a request http://fonts.googleapis.com/css?family=Open+Sans:300,600&subset=latin,latin-ext without a browsingContextID set
JavaScript error: resource://gre/actors/AutoCompleteChild.jsm, line 125: Error: Invalid autocomplete selectedIndex
JavaScript error: resource://gre/actors/AutoCompleteChild.jsm, line 125: Error: Invalid autocomplete selectedIndex
JavaScript error: resource://gre/actors/AutoCompleteChild.jsm, line 125: Error: Invalid autocomplete selectedIndex
1622793221702	Marionette	INFO	Stopped listening on port 54656

###!!! [Child][RunMessage] Error: Channel closing: too late to send/recv, messages will be lost

.exe" "--marionette" "-foreground" "-no-remote" "-profile" "C:\\Users\\kalmazan\\AppData\\Local\\Temp\\rust_mozprofileEJZyfW"
1622793217330	Marionette	INFO	Marionette enabled
console.warn: SearchSettings: "get: No settings file exists, new profile?" (new NotFoundError("Could not open the file at C:\\Users\\kalmazan\\AppData\\Local\\Temp\\rust_mozprofileEJZyfW\\search.json.mozlz4", (void 0)))
1622793221498	Marionette	INFO	Listening on port 54826
1622793221873	Marionette	WARN	TLS certificate errors will be ignored for this session
1622793238708	Marionette	WARN	TimedPromise timed out after 500 ms: stacktrace:
TimedPromise/<@chrome://marionette/content/sync.js:237:19
TimedPromise@chrome://marionette/content/sync.js:222:10
interaction.flushEventLoop@chrome://marionette/content/interaction.js:431:10
webdriverClickElement@chrome://marionette/content/interaction.js:179:31
1622793640309	Marionette	INFO	Stopped listening on port 54826

###!!! [Child][RunMessage] Error: Channel closing: too late to send/recv, messages will be lost

.exe" "--marionette" "-foreground" "-no-remote" "-profile" "C:\\Users\\kalmazan\\AppData\\Local\\Temp\\rust_mozprofileJl19DT"
1622793309483	Marionette	INFO	Marionette enabled
console.warn: SearchSettings: "get: No settings file exists, new profile?" (new NotFoundError("Could not open the file at C:\\Users\\kalmazan\\AppData\\Local\\Temp\\rust_mozprofileJl19DT\\search.json.mozlz4", (void 0)))
1622793312395	Marionette	INFO	Listening on port 54968
1622793312845	Marionette	WARN	TLS certificate errors will be ignored for this session
1622793331142	Marionette	WARN	TimedPromise timed out after 500 ms: stacktrace:
TimedPromise/<@chrome://marionette/content/sync.js:237:19
TimedPromise@chrome://marionette/content/sync.js:222:10
interaction.flushEventLoop@chrome://marionette/content/interaction.js:431:10
webdriverClickElement@chrome://marionette/content/interaction.js:179:31
1622793638572	Marionette	INFO	Stopped listening on port 54968

###!!! [Child][RunMessage] Error: Channel closing: too late to send/recv, messages will be lost

.exe" "--marionette" "-foreground" "-no-remote" "-profile" "C:\\Users\\kalmazan\\AppData\\Local\\Temp\\rust_mozprofilelUx7X8"
1622793403274	Marionette	INFO	Marionette enabled
console.warn: SearchSettings: "get: No settings file exists, new profile?" (new NotFoundError("Could not open the file at C:\\Users\\kalmazan\\AppData\\Local\\Temp\\rust_mozprofilelUx7X8\\search.json.mozlz4", (void 0)))
1622793406852	Marionette	INFO	Listening on port 55121
1622793406975	Marionette	WARN	TLS certificate errors will be ignored for this session
1622793423237	Marionette	WARN	TimedPromise timed out after 500 ms: stacktrace:
TimedPromise/<@chrome://marionette/content/sync.js:237:19
TimedPromise@chrome://marionette/content/sync.js:222:10
interaction.flushEventLoop@chrome://marionette/content/interaction.js:431:10
webdriverClickElement@chrome://marionette/content/interaction.js:179:31
1622793593710	Marionette	INFO	Stopped listening on port 55121

###!!! [Child][RunMessage] Error: Channel closing: too late to send/recv, messages will be lost

.exe" "--marionette" "-foreground" "-no-remote" "-profile" "C:\\Users\\kalmazan\\AppData\\Local\\Temp\\rust_mozprofileRxCGkq"
1622793587160	Marionette	INFO	Marionette enabled
console.warn: SearchSettings: "get: No settings file exists, new profile?" (new NotFoundError("Could not open the file at C:\\Users\\kalmazan\\AppData\\Local\\Temp\\rust_mozprofileRxCGkq\\search.json.mozlz4", (void 0)))
1622793590908	Marionette	INFO	Listening on port 55265
1622793591099	Marionette	WARN	TLS certificate errors will be ignored for this session
1622793607625	Marionette	WARN	TimedPromise timed out after 500 ms: stacktrace:
TimedPromise/<@chrome://marionette/content/sync.js:237:19
TimedPromise@chrome://marionette/content/sync.js:222:10
interaction.flushEventLoop@chrome://marionette/content/interaction.js:431:10
webdriverClickElement@chrome://marionette/content/interaction.js:179:31
1622793609947	Marionette	WARN	TimedPromise timed out after 500 ms: stacktrace:
TimedPromise/<@chrome://marionette/content/sync.js:237:19
TimedPromise@chrome://marionette/content/sync.js:222:10
interaction.flushEventLoop@chrome://marionette/content/interaction.js:431:10
webdriverClickElement@chrome://marionette/content/interaction.js:179:31
1622793634207	Marionette	INFO	Stopped listening on port 55265
2793632366	mozrunner::runner	INFO	Running command: "C:\\Program Files (x86)\\Mozilla Firefox\\firefox.exe" "--marionette" "-foreground" "-no-remote" "-profile" "C:\\Users\\kalmazan\\AppData\\Local\\Temp\\rust_mozprofilegxMgff"
1622793633378	Marionette	INFO	Marionette enabled
console.warn: SearchSettings: "get: No settings file exists, new profile?" (new NotFoundError("Could not open the file at C:\\Users\\kalmazan\\AppData\\Local\\Temp\\rust_mozprofilegxMgff\\search.json.mozlz4", (void 0)))
1622793636775	Marionette	INFO	Listening on port 55417
1622793636820	Marionette	WARN	TLS certificate errors will be ignored for this session
1622793654303	Marionette	WARN	TimedPromise timed out after 500 ms: stacktrace:
TimedPromise/<@chrome://marionette/content/sync.js:237:19
TimedPromise@chrome://marionette/content/sync.js:222:10
interaction.flushEventLoop@chrome://marionette/content/interaction.js:431:10
webdriverClickElement@chrome://marionette/content/interaction.js:179:31
1622793657118	Marionette	WARN	TimedPromise timed out after 500 ms: stacktrace:
TimedPromise/<@chrome://marionette/content/sync.js:237:19
TimedPromise@chrome://marionette/content/sync.js:222:10
interaction.flushEventLoop@chrome://marionette/content/interaction.js:431:10
webdriverClickElement@chrome://marionette/content/interaction.js:179:31
JavaScript error: , line 0: NotFoundError: No such JSWindowActor 'MarionetteEvents'
1622794018826	Marionette	INFO	Stopped listening on port 55417

###!!! [Child][RunMessage] Error: Channel closing: too late to send/recv, messages will be lost

.exe" "--marionette" "-foreground" "-no-remote" "-profile" "C:\\Users\\kalmazan\\AppData\\Local\\Temp\\rust_mozprofileCLZjMm"
1622793713553	Marionette	INFO	Marionette enabled
console.warn: SearchSettings: "get: No settings file exists, new profile?" (new NotFoundError("Could not open the file at C:\\Users\\kalmazan\\AppData\\Local\\Temp\\rust_mozprofileCLZjMm\\search.json.mozlz4", (void 0)))
1622793716658	Marionette	INFO	Listening on port 55544
1622793716901	Marionette	WARN	TLS certificate errors will be ignored for this session
1622793737063	Marionette	WARN	TimedPromise timed out after 500 ms: stacktrace:
TimedPromise/<@chrome://marionette/content/sync.js:237:19
TimedPromise@chrome://marionette/content/sync.js:222:10
interaction.flushEventLoop@chrome://marionette/content/interaction.js:431:10
webdriverClickElement@chrome://marionette/content/interaction.js:179:31
JavaScript error: resource://gre/actors/AutoCompleteChild.jsm, line 125: Error: Invalid autocomplete selectedIndex
JavaScript error: resource://gre/actors/AutoCompleteChild.jsm, line 125: Error: Invalid autocomplete selectedIndex
JavaScript error: resource://gre/actors/AutoCompleteChild.jsm, line 125: Error: Invalid autocomplete selectedIndex
JavaScript error: resource://gre/actors/AutoCompleteChild.jsm, line 125: Error: Invalid autocomplete selectedIndex
JavaScript error: resource://gre/actors/AutoCompleteChild.jsm, line 125: Error: Invalid autocomplete selectedIndex
JavaScript error: resource://devtools/server/actors/network-monitor/network-event-actor.js, line 108: Error: Got a request http://fonts.googleapis.com/css?family=Open+Sans:300,600&subset=latin,latin-ext without a browsingContextID set
1622794021067	Marionette	INFO	Stopped listening on port 55544
2794011729	mozrunner::runner	INFO	Running command: "C:\\Program Files (x86)\\Mozilla Firefox\\firefox.exe" "--marionette" "-foreground" "-no-remote" "-profile" "C:\\Users\\kalmazan\\AppData\\Local\\Temp\\rust_mozprofileVgBJqd"
1622794012512	Marionette	INFO	Marionette enabled
console.warn: SearchSettings: "get: No settings file exists, new profile?" (new NotFoundError("Could not open the file at C:\\Users\\kalmazan\\AppData\\Local\\Temp\\rust_mozprofileVgBJqd\\search.json.mozlz4", (void 0)))
1622794015889	Marionette	INFO	Listening on port 55737
1622794016109	Marionette	WARN	TLS certificate errors will be ignored for this session
1622794031206	Marionette	WARN	TimedPromise timed out after 500 ms: stacktrace:
TimedPromise/<@chrome://marionette/content/sync.js:237:19
TimedPromise@chrome://marionette/content/sync.js:222:10
interaction.flushEventLoop@chrome://marionette/content/interaction.js:431:10
webdriverClickElement@chrome://marionette/content/interaction.js:179:31
1622794090784	Marionette	INFO	Stopped listening on port 55737

###!!! [Child][RunMessage] Error: Channel closing: too late to send/recv, messages will be lost

.exe" "--marionette" "-foreground" "-no-remote" "-profile" "C:\\Users\\kalmazan\\AppData\\Local\\Temp\\rust_mozprofileNc5R0j"
1622794085701	Marionette	INFO	Marionette enabled
console.warn: SearchSettings: "get: No settings file exists, new profile?" (new NotFoundError("Could not open the file at C:\\Users\\kalmazan\\AppData\\Local\\Temp\\rust_mozprofileNc5R0j\\search.json.mozlz4", (void 0)))
1622794089938	Marionette	INFO	Listening on port 55885
1622794090894	Marionette	WARN	TLS certificate errors will be ignored for this session
1622794107611	Marionette	WARN	TimedPromise timed out after 500 ms: stacktrace:
TimedPromise/<@chrome://marionette/content/sync.js:237:19
TimedPromise@chrome://marionette/content/sync.js:222:10
interaction.flushEventLoop@chrome://marionette/content/interaction.js:431:10
webdriverClickElement@chrome://marionette/content/interaction.js:179:31
1622794205961	Marionette	INFO	Stopped listening on port 55885

###!!! [Child][RunMessage] Error: Channel closing: too late to send/recv, messages will be lost

.exe" "--marionette" "-foreground" "-no-remote" "-profile" "C:\\Users\\kalmazan\\AppData\\Local\\Temp\\rust_mozprofilew9T3eI"
1622794152248	Marionette	INFO	Marionette enabled
console.warn: SearchSettings: "get: No settings file exists, new profile?" (new NotFoundError("Could not open the file at C:\\Users\\kalmazan\\AppData\\Local\\Temp\\rust_mozprofilew9T3eI\\search.json.mozlz4", (void 0)))
1622794155372	Marionette	INFO	Listening on port 56031
1622794155723	Marionette	WARN	TLS certificate errors will be ignored for this session
1622794173003	Marionette	WARN	TimedPromise timed out after 500 ms: stacktrace:
TimedPromise/<@chrome://marionette/content/sync.js:237:19
TimedPromise@chrome://marionette/content/sync.js:222:10
interaction.flushEventLoop@chrome://marionette/content/interaction.js:431:10
webdriverClickElement@chrome://marionette/content/interaction.js:179:31
JavaScript error: resource://devtools/server/actors/network-monitor/network-event-actor.js, line 108: Error: Got a request http://fonts.googleapis.com/css?family=Open+Sans:300,600&subset=latin,latin-ext without a browsingContextID set
JavaScript error: resource://gre/actors/AutoCompleteChild.jsm, line 125: Error: Invalid autocomplete selectedIndex
JavaScript error: resource://gre/actors/AutoCompleteChild.jsm, line 125: Error: Invalid autocomplete selectedIndex
1622794423932	Marionette	INFO	Stopped listening on port 56031

###!!! [Child][RunMessage] Error: Channel closing: too late to send/recv, messages will be lost

.exe" "--marionette" "-foreground" "-no-remote" "-profile" "C:\\Users\\kalmazan\\AppData\\Local\\Temp\\rust_mozprofileOL5Z5M"
1622794404329	Marionette	INFO	Marionette enabled
console.warn: SearchSettings: "get: No settings file exists, new profile?" (new NotFoundError("Could not open the file at C:\\Users\\kalmazan\\AppData\\Local\\Temp\\rust_mozprofileOL5Z5M\\search.json.mozlz4", (void 0)))
1622794408022	Marionette	INFO	Listening on port 56204
1622794408522	Marionette	WARN	TLS certificate errors will be ignored for this session
1622794442875	Marionette	WARN	TimedPromise timed out after 500 ms: stacktrace:
TimedPromise/<@chrome://marionette/content/sync.js:237:19
TimedPromise@chrome://marionette/content/sync.js:222:10
interaction.flushEventLoop@chrome://marionette/content/interaction.js:431:10
webdriverClickElement@chrome://marionette/content/interaction.js:179:31
1622794464440	Marionette	INFO	Stopped listening on port 56204

###!!! [Child][RunMessage] Error: Channel closing: too late to send/recv, messages will be lost

.exe" "--marionette" "-foreground" "-no-remote" "-profile" "C:\\Users\\kalmazan\\AppData\\Local\\Temp\\rust_mozprofilez5dubg"
1622794465223	Marionette	INFO	Marionette enabled
console.warn: SearchSettings: "get: No settings file exists, new profile?" (new NotFoundError("Could not open the file at C:\\Users\\kalmazan\\AppData\\Local\\Temp\\rust_mozprofilez5dubg\\search.json.mozlz4", (void 0)))
1622794468867	Marionette	INFO	Listening on port 56347
1622794469310	Marionette	WARN	TLS certificate errors will be ignored for this session
1622794508684	Marionette	WARN	TimedPromise timed out after 500 ms: stacktrace:
TimedPromise/<@chrome://marionette/content/sync.js:237:19
TimedPromise@chrome://marionette/content/sync.js:222:10
interaction.flushEventLoop@chrome://marionette/content/interaction.js:431:10
webdriverClickElement@chrome://marionette/content/interaction.js:179:31
1622794621371	Marionette	INFO	Stopped listening on port 56347

###!!! [Child][RunMessage] Error: Channel closing: too late to send/recv, messages will be lost

.exe" "--marionette" "-foreground" "-no-remote" "-profile" "C:\\Users\\kalmazan\\AppData\\Local\\Temp\\rust_mozprofiler9X6tH"
1622794563087	Marionette	INFO	Marionette enabled
console.warn: SearchSettings: "get: No settings file exists, new profile?" (new NotFoundError("Could not open the file at C:\\Users\\kalmazan\\AppData\\Local\\Temp\\rust_mozprofiler9X6tH\\search.json.mozlz4", (void 0)))
1622794567526	Marionette	INFO	Listening on port 56496
1622794568474	Marionette	WARN	TLS certificate errors will be ignored for this session
1622794586773	Marionette	WARN	TimedPromise timed out after 500 ms: stacktrace:
TimedPromise/<@chrome://marionette/content/sync.js:237:19
TimedPromise@chrome://marionette/content/sync.js:222:10
interaction.flushEventLoop@chrome://marionette/content/interaction.js:431:10
webdriverClickElement@chrome://marionette/content/interaction.js:179:31
1622794665745	Marionette	INFO	Stopped listening on port 56496

###!!! [Child][RunMessage] Error: Channel closing: too late to send/recv, messages will be lost

.exe" "--marionette" "-foreground" "-no-remote" "-profile" "C:\\Users\\kalmazan\\AppData\\Local\\Temp\\rust_mozprofiledfj7Kd"
1622794628055	Marionette	INFO	Marionette enabled
console.warn: SearchSettings: "get: No settings file exists, new profile?" (new NotFoundError("Could not open the file at C:\\Users\\kalmazan\\AppData\\Local\\Temp\\rust_mozprofiledfj7Kd\\search.json.mozlz4", (void 0)))
1622794631629	Marionette	INFO	Listening on port 56630
1622794631978	Marionette	WARN	TLS certificate errors will be ignored for this session
1622794647793	Marionette	WARN	TimedPromise timed out after 500 ms: stacktrace:
TimedPromise/<@chrome://marionette/content/sync.js:237:19
TimedPromise@chrome://marionette/content/sync.js:222:10
interaction.flushEventLoop@chrome://marionette/content/interaction.js:431:10
webdriverClickElement@chrome://marionette/content/interaction.js:179:31
1622794666416	Marionette	INFO	Stopped listening on port 56630

###!!! [Child][RunMessage] Error: Channel closing: too late to send/recv, messages will be lost

